Traceback (most recent call last):
  File "/home/leron/.local/lib/python3.6/site-packages/jupyter_cache/executors/utils.py", line 56, in single_nb_execution
    record_timing=False,
  File "/home/leron/.local/lib/python3.6/site-packages/nbclient/client.py", line 1112, in execute
    return NotebookClient(nb=nb, resources=resources, km=km, **kwargs).execute()
  File "/home/leron/.local/lib/python3.6/site-packages/nbclient/util.py", line 74, in wrapped
    return just_run(coro(*args, **kwargs))
  File "/home/leron/.local/lib/python3.6/site-packages/nbclient/util.py", line 53, in just_run
    return loop.run_until_complete(coro)
  File "/usr/lib/python3.6/asyncio/base_events.py", line 484, in run_until_complete
    return future.result()
  File "/home/leron/.local/lib/python3.6/site-packages/nbclient/client.py", line 554, in async_execute
    cell, index, execution_count=self.code_cells_executed + 1
  File "/home/leron/.local/lib/python3.6/site-packages/nbclient/client.py", line 857, in async_execute_cell
    self._check_raise_for_error(cell, exec_reply)
  File "/home/leron/.local/lib/python3.6/site-packages/nbclient/client.py", line 760, in _check_raise_for_error
    raise CellExecutionError.from_cell_and_msg(cell, exec_reply_content)
nbclient.exceptions.CellExecutionError: An error occurred while executing the following cell:
------------------
sardine_larvae = pd.read_csv("data/sardine_larvae.csv")
fig = px.line(
    sardine_larvae, 
    x = 'Year', 
    y = 'Sardine Larvae lbs', 
    title = 'Sardine Larvae Pounds Per Year',
    labels={'Sardine Larvae lbs':'Sardine Larvae (Lbs.)'})
fig.show()
------------------

[0;31m---------------------------------------------------------------------------[0m
[0;31mValueError[0m                                Traceback (most recent call last)
[0;32m<ipython-input-2-fc1c000f9a0c>[0m in [0;36m<module>[0;34m[0m
[1;32m      5[0m     [0my[0m [0;34m=[0m [0;34m'Sardine Larvae lbs'[0m[0;34m,[0m[0;34m[0m[0;34m[0m[0m
[1;32m      6[0m     [0mtitle[0m [0;34m=[0m [0;34m'Sardine Larvae Pounds Per Year'[0m[0;34m,[0m[0;34m[0m[0;34m[0m[0m
[0;32m----> 7[0;31m     labels={'Sardine Larvae lbs':'Sardine Larvae (Lbs.)'})
[0m[1;32m      8[0m [0mfig[0m[0;34m.[0m[0mshow[0m[0;34m([0m[0;34m)[0m[0;34m[0m[0;34m[0m[0m

[0;32m~/.local/lib/python3.6/site-packages/plotly/express/_chart_types.py[0m in [0;36mline[0;34m(data_frame, x, y, line_group, color, line_dash, hover_name, hover_data, custom_data, text, facet_row, facet_col, facet_col_wrap, facet_row_spacing, facet_col_spacing, error_x, error_x_minus, error_y, error_y_minus, animation_frame, animation_group, category_orders, labels, orientation, color_discrete_sequence, color_discrete_map, line_dash_sequence, line_dash_map, log_x, log_y, range_x, range_y, line_shape, render_mode, title, template, width, height)[0m
[1;32m    250[0m     [0ma[0m [0mpolyline[0m [0mmark[0m [0;32min[0m [0;36m2[0m[0mD[0m [0mspace[0m[0;34m.[0m[0;34m[0m[0;34m[0m[0m
[1;32m    251[0m     """
[0;32m--> 252[0;31m     [0;32mreturn[0m [0mmake_figure[0m[0;34m([0m[0margs[0m[0;34m=[0m[0mlocals[0m[0;34m([0m[0;34m)[0m[0;34m,[0m [0mconstructor[0m[0;34m=[0m[0mgo[0m[0;34m.[0m[0mScatter[0m[0;34m)[0m[0;34m[0m[0;34m[0m[0m
[0m[1;32m    253[0m [0;34m[0m[0m
[1;32m    254[0m [0;34m[0m[0m

[0;32m~/.local/lib/python3.6/site-packages/plotly/express/_core.py[0m in [0;36mmake_figure[0;34m(args, constructor, trace_patch, layout_patch)[0m
[1;32m   1859[0m     [0mapply_default_cascade[0m[0;34m([0m[0margs[0m[0;34m)[0m[0;34m[0m[0;34m[0m[0m
[1;32m   1860[0m [0;34m[0m[0m
[0;32m-> 1861[0;31m     [0margs[0m [0;34m=[0m [0mbuild_dataframe[0m[0;34m([0m[0margs[0m[0;34m,[0m [0mconstructor[0m[0;34m)[0m[0;34m[0m[0;34m[0m[0m
[0m[1;32m   1862[0m     [0;32mif[0m [0mconstructor[0m [0;32min[0m [0;34m[[0m[0mgo[0m[0;34m.[0m[0mTreemap[0m[0;34m,[0m [0mgo[0m[0;34m.[0m[0mSunburst[0m[0;34m][0m [0;32mand[0m [0margs[0m[0;34m[[0m[0;34m"path"[0m[0;34m][0m [0;32mis[0m [0;32mnot[0m [0;32mNone[0m[0;34m:[0m[0;34m[0m[0;34m[0m[0m
[1;32m   1863[0m         [0margs[0m [0;34m=[0m [0mprocess_dataframe_hierarchy[0m[0;34m([0m[0margs[0m[0;34m)[0m[0;34m[0m[0;34m[0m[0m

[0;32m~/.local/lib/python3.6/site-packages/plotly/express/_core.py[0m in [0;36mbuild_dataframe[0;34m(args, constructor)[0m
[1;32m   1376[0m [0;34m[0m[0m
[1;32m   1377[0m     df_output, wide_id_vars = process_args_into_dataframe(
[0;32m-> 1378[0;31m         [0margs[0m[0;34m,[0m [0mwide_mode[0m[0;34m,[0m [0mvar_name[0m[0;34m,[0m [0mvalue_name[0m[0;34m[0m[0;34m[0m[0m
[0m[1;32m   1379[0m     )
[1;32m   1380[0m [0;34m[0m[0m

[0;32m~/.local/lib/python3.6/site-packages/plotly/express/_core.py[0m in [0;36mprocess_args_into_dataframe[0;34m(args, wide_mode, var_name, value_name)[0m
[1;32m   1181[0m                         [0;32mif[0m [0margument[0m [0;34m==[0m [0;34m"index"[0m[0;34m:[0m[0;34m[0m[0;34m[0m[0m
[1;32m   1182[0m                             [0merr_msg[0m [0;34m+=[0m [0;34m"\n To use the index, pass it in directly as `df.index`."[0m[0;34m[0m[0;34m[0m[0m
[0;32m-> 1183[0;31m                         [0;32mraise[0m [0mValueError[0m[0;34m([0m[0merr_msg[0m[0;34m)[0m[0;34m[0m[0;34m[0m[0m
[0m[1;32m   1184[0m                 [0;32melif[0m [0mlength[0m [0;32mand[0m [0mlen[0m[0;34m([0m[0mdf_input[0m[0;34m[[0m[0margument[0m[0;34m][0m[0;34m)[0m [0;34m!=[0m [0mlength[0m[0;34m:[0m[0;34m[0m[0;34m[0m[0m
[1;32m   1185[0m                     raise ValueError(

[0;31mValueError[0m: Value of 'y' is not the name of a column in 'data_frame'. Expected one of ['Year', 'Count'] but received: Sardine Larvae lbs
ValueError: Value of 'y' is not the name of a column in 'data_frame'. Expected one of ['Year', 'Count'] but received: Sardine Larvae lbs

